19:11:14.846 [reactor-http-nio-3] ERROR c.x.g.f.AuthFilter - [unauthorizedResponse,110] - [鉴权异常处理]请求路径:/token/login
19:12:15.220 [reactor-http-nio-3] ERROR c.x.g.f.AuthFilter - [unauthorizedResponse,110] - [鉴权异常处理]请求路径:/token/login
19:12:15.223 [nacos-grpc-client-executor-64] ERROR c.a.n.c.r.c.g.GrpcClient - [printIfErrorEnabled,99] - [1641380820968_192.168.6.1_56432]Request stream onCompleted, switch server
19:12:15.223 [nacos-grpc-client-executor-60] ERROR c.a.n.c.r.c.g.GrpcClient - [printIfErrorEnabled,99] - [1641380822901_192.168.6.1_56437]Request stream onCompleted, switch server
19:12:15.225 [nacos-grpc-client-executor-63] ERROR c.a.n.c.r.c.g.GrpcClient - [printIfErrorEnabled,99] - [1641380817152_192.168.6.1_56423]Request stream onCompleted, switch server
19:12:15.225 [nacos-grpc-client-executor-73] ERROR c.a.n.c.r.c.g.GrpcClient - [printIfErrorEnabled,99] - [1641380805991_192.168.6.1_56394]Request stream onCompleted, switch server
19:12:15.242 [com.alibaba.nacos.client.Worker] ERROR c.a.n.c.r.client - [printIfErrorEnabled,99] - Send request fail, request=ConfigBatchListenRequest{headers={}, requestId='null'}, retryTimes=0,errorMessage=java.util.concurrent.TimeoutException: Waited 3000 milliseconds (plus 1079 milliseconds, 264900 nanoseconds delay) for com.alibaba.nacos.shaded.io.grpc.stub.ClientCalls$GrpcFuture@45c9d9c5[status=PENDING, info=[GrpcFuture{clientCall={delegate={delegate=ClientCallImpl{method=MethodDescriptor{fullMethodName=Request/request, type=UNARY, idempotent=false, safe=false, sampledToLocalTracing=true, requestMarshaller=com.alibaba.nacos.shaded.io.grpc.protobuf.lite.ProtoLiteUtils$MessageMarshaller@1ceaf68a, responseMarshaller=com.alibaba.nacos.shaded.io.grpc.protobuf.lite.ProtoLiteUtils$MessageMarshaller@70cab3a0, schemaDescriptor=com.alibaba.nacos.api.grpc.auto.RequestGrpc$RequestMethodDescriptorSupplier@4fcb3e7b}}}}}]]
19:12:15.241 [com.alibaba.nacos.client.naming.updater.0] ERROR c.a.n.c.r.client - [printIfErrorEnabled,99] - Send request fail, request=ServiceQueryRequest{headers={}, requestId='null'}, retryTimes=0,errorMessage=java.util.concurrent.TimeoutException: Waited 3000 milliseconds (plus 1079 milliseconds, 582000 nanoseconds delay) for com.alibaba.nacos.shaded.io.grpc.stub.ClientCalls$GrpcFuture@1e930d1d[status=PENDING, info=[GrpcFuture{clientCall={delegate={delegate=ClientCallImpl{method=MethodDescriptor{fullMethodName=Request/request, type=UNARY, idempotent=false, safe=false, sampledToLocalTracing=true, requestMarshaller=com.alibaba.nacos.shaded.io.grpc.protobuf.lite.ProtoLiteUtils$MessageMarshaller@1ceaf68a, responseMarshaller=com.alibaba.nacos.shaded.io.grpc.protobuf.lite.ProtoLiteUtils$MessageMarshaller@70cab3a0, schemaDescriptor=com.alibaba.nacos.api.grpc.auto.RequestGrpc$RequestMethodDescriptorSupplier@4fcb3e7b}}}}}]]
19:12:15.241 [com.alibaba.nacos.client.Worker] ERROR c.a.n.c.r.client - [printIfErrorEnabled,99] - Send request fail, request=ConfigBatchListenRequest{headers={}, requestId='null'}, retryTimes=0,errorMessage=java.util.concurrent.TimeoutException: Waited 3000 milliseconds (plus 1079 milliseconds, 955400 nanoseconds delay) for com.alibaba.nacos.shaded.io.grpc.stub.ClientCalls$GrpcFuture@6069e743[status=PENDING, info=[GrpcFuture{clientCall={delegate={delegate=ClientCallImpl{method=MethodDescriptor{fullMethodName=Request/request, type=UNARY, idempotent=false, safe=false, sampledToLocalTracing=true, requestMarshaller=com.alibaba.nacos.shaded.io.grpc.protobuf.lite.ProtoLiteUtils$MessageMarshaller@1ceaf68a, responseMarshaller=com.alibaba.nacos.shaded.io.grpc.protobuf.lite.ProtoLiteUtils$MessageMarshaller@70cab3a0, schemaDescriptor=com.alibaba.nacos.api.grpc.auto.RequestGrpc$RequestMethodDescriptorSupplier@4fcb3e7b}}}}}]]
19:12:15.241 [com.alibaba.nacos.client.Worker] ERROR c.a.n.c.r.client - [printIfErrorEnabled,99] - Send request fail, request=ConfigBatchListenRequest{headers={}, requestId='null'}, retryTimes=0,errorMessage=java.util.concurrent.TimeoutException: Waited 3000 milliseconds (plus 1037 milliseconds, 748600 nanoseconds delay) for com.alibaba.nacos.shaded.io.grpc.stub.ClientCalls$GrpcFuture@3bac6673[status=PENDING, info=[GrpcFuture{clientCall={delegate={delegate=ClientCallImpl{method=MethodDescriptor{fullMethodName=Request/request, type=UNARY, idempotent=false, safe=false, sampledToLocalTracing=true, requestMarshaller=com.alibaba.nacos.shaded.io.grpc.protobuf.lite.ProtoLiteUtils$MessageMarshaller@1ceaf68a, responseMarshaller=com.alibaba.nacos.shaded.io.grpc.protobuf.lite.ProtoLiteUtils$MessageMarshaller@70cab3a0, schemaDescriptor=com.alibaba.nacos.api.grpc.auto.RequestGrpc$RequestMethodDescriptorSupplier@4fcb3e7b}}}}}]]
19:12:15.261 [com.alibaba.nacos.client.Worker] ERROR c.a.n.c.c.i.ClientWorker - [executeConfigListen,878] - Async listen config change error 
com.alibaba.nacos.api.exception.NacosException: java.util.concurrent.TimeoutException: Waited 3000 milliseconds (plus 1079 milliseconds, 955400 nanoseconds delay) for com.alibaba.nacos.shaded.io.grpc.stub.ClientCalls$GrpcFuture@6069e743[status=PENDING, info=[GrpcFuture{clientCall={delegate={delegate=ClientCallImpl{method=MethodDescriptor{fullMethodName=Request/request, type=UNARY, idempotent=false, safe=false, sampledToLocalTracing=true, requestMarshaller=com.alibaba.nacos.shaded.io.grpc.protobuf.lite.ProtoLiteUtils$MessageMarshaller@1ceaf68a, responseMarshaller=com.alibaba.nacos.shaded.io.grpc.protobuf.lite.ProtoLiteUtils$MessageMarshaller@70cab3a0, schemaDescriptor=com.alibaba.nacos.api.grpc.auto.RequestGrpc$RequestMethodDescriptorSupplier@4fcb3e7b}}}}}]]
	at com.alibaba.nacos.common.remote.client.grpc.GrpcConnection.request(GrpcConnection.java:78)
	at com.alibaba.nacos.common.remote.client.RpcClient.request(RpcClient.java:657)
	at com.alibaba.nacos.client.config.impl.ClientWorker$ConfigRpcTransportClient.requestProxy(ClientWorker.java:1067)
	at com.alibaba.nacos.client.config.impl.ClientWorker$ConfigRpcTransportClient.requestProxy(ClientWorker.java:1042)
	at com.alibaba.nacos.client.config.impl.ClientWorker$ConfigRpcTransportClient.executeConfigListen(ClientWorker.java:831)
	at com.alibaba.nacos.client.config.impl.ClientWorker$ConfigRpcTransportClient$4.run(ClientWorker.java:748)
	at java.util.concurrent.Executors$RunnableAdapter.call(Executors.java:511)
	at java.util.concurrent.FutureTask.run$$$capture(FutureTask.java:266)
	at java.util.concurrent.FutureTask.run(FutureTask.java)
	at java.util.concurrent.ScheduledThreadPoolExecutor$ScheduledFutureTask.access$201(ScheduledThreadPoolExecutor.java:180)
	at java.util.concurrent.ScheduledThreadPoolExecutor$ScheduledFutureTask.run(ScheduledThreadPoolExecutor.java:293)
	at java.util.concurrent.ThreadPoolExecutor.runWorker(ThreadPoolExecutor.java:1149)
	at java.util.concurrent.ThreadPoolExecutor$Worker.run(ThreadPoolExecutor.java:624)
	at java.lang.Thread.run(Thread.java:748)
Caused by: java.util.concurrent.TimeoutException: Waited 3000 milliseconds (plus 1079 milliseconds, 955400 nanoseconds delay) for com.alibaba.nacos.shaded.io.grpc.stub.ClientCalls$GrpcFuture@6069e743[status=PENDING, info=[GrpcFuture{clientCall={delegate={delegate=ClientCallImpl{method=MethodDescriptor{fullMethodName=Request/request, type=UNARY, idempotent=false, safe=false, sampledToLocalTracing=true, requestMarshaller=com.alibaba.nacos.shaded.io.grpc.protobuf.lite.ProtoLiteUtils$MessageMarshaller@1ceaf68a, responseMarshaller=com.alibaba.nacos.shaded.io.grpc.protobuf.lite.ProtoLiteUtils$MessageMarshaller@70cab3a0, schemaDescriptor=com.alibaba.nacos.api.grpc.auto.RequestGrpc$RequestMethodDescriptorSupplier@4fcb3e7b}}}}}]]
	at com.alibaba.nacos.shaded.com.google.common.util.concurrent.AbstractFuture.get(AbstractFuture.java:508)
	at com.alibaba.nacos.common.remote.client.grpc.GrpcConnection.request(GrpcConnection.java:76)
	... 13 common frames omitted
19:12:15.262 [com.alibaba.nacos.client.Worker] ERROR c.a.n.c.c.i.ClientWorker - [executeConfigListen,878] - Async listen config change error 
com.alibaba.nacos.api.exception.NacosException: java.util.concurrent.TimeoutException: Waited 3000 milliseconds (plus 1037 milliseconds, 748600 nanoseconds delay) for com.alibaba.nacos.shaded.io.grpc.stub.ClientCalls$GrpcFuture@3bac6673[status=PENDING, info=[GrpcFuture{clientCall={delegate={delegate=ClientCallImpl{method=MethodDescriptor{fullMethodName=Request/request, type=UNARY, idempotent=false, safe=false, sampledToLocalTracing=true, requestMarshaller=com.alibaba.nacos.shaded.io.grpc.protobuf.lite.ProtoLiteUtils$MessageMarshaller@1ceaf68a, responseMarshaller=com.alibaba.nacos.shaded.io.grpc.protobuf.lite.ProtoLiteUtils$MessageMarshaller@70cab3a0, schemaDescriptor=com.alibaba.nacos.api.grpc.auto.RequestGrpc$RequestMethodDescriptorSupplier@4fcb3e7b}}}}}]]
	at com.alibaba.nacos.common.remote.client.grpc.GrpcConnection.request(GrpcConnection.java:78)
	at com.alibaba.nacos.common.remote.client.RpcClient.request(RpcClient.java:657)
	at com.alibaba.nacos.client.config.impl.ClientWorker$ConfigRpcTransportClient.requestProxy(ClientWorker.java:1067)
	at com.alibaba.nacos.client.config.impl.ClientWorker$ConfigRpcTransportClient.requestProxy(ClientWorker.java:1042)
	at com.alibaba.nacos.client.config.impl.ClientWorker$ConfigRpcTransportClient.executeConfigListen(ClientWorker.java:831)
	at com.alibaba.nacos.client.config.impl.ClientWorker$ConfigRpcTransportClient$4.run(ClientWorker.java:748)
	at java.util.concurrent.Executors$RunnableAdapter.call(Executors.java:511)
	at java.util.concurrent.FutureTask.run$$$capture(FutureTask.java:266)
	at java.util.concurrent.FutureTask.run(FutureTask.java)
	at java.util.concurrent.ScheduledThreadPoolExecutor$ScheduledFutureTask.access$201(ScheduledThreadPoolExecutor.java:180)
	at java.util.concurrent.ScheduledThreadPoolExecutor$ScheduledFutureTask.run(ScheduledThreadPoolExecutor.java:293)
	at java.util.concurrent.ThreadPoolExecutor.runWorker(ThreadPoolExecutor.java:1149)
	at java.util.concurrent.ThreadPoolExecutor$Worker.run(ThreadPoolExecutor.java:624)
	at java.lang.Thread.run(Thread.java:748)
Caused by: java.util.concurrent.TimeoutException: Waited 3000 milliseconds (plus 1037 milliseconds, 748600 nanoseconds delay) for com.alibaba.nacos.shaded.io.grpc.stub.ClientCalls$GrpcFuture@3bac6673[status=PENDING, info=[GrpcFuture{clientCall={delegate={delegate=ClientCallImpl{method=MethodDescriptor{fullMethodName=Request/request, type=UNARY, idempotent=false, safe=false, sampledToLocalTracing=true, requestMarshaller=com.alibaba.nacos.shaded.io.grpc.protobuf.lite.ProtoLiteUtils$MessageMarshaller@1ceaf68a, responseMarshaller=com.alibaba.nacos.shaded.io.grpc.protobuf.lite.ProtoLiteUtils$MessageMarshaller@70cab3a0, schemaDescriptor=com.alibaba.nacos.api.grpc.auto.RequestGrpc$RequestMethodDescriptorSupplier@4fcb3e7b}}}}}]]
	at com.alibaba.nacos.shaded.com.google.common.util.concurrent.AbstractFuture.get(AbstractFuture.java:508)
	at com.alibaba.nacos.common.remote.client.grpc.GrpcConnection.request(GrpcConnection.java:76)
	... 13 common frames omitted
19:12:15.263 [com.alibaba.nacos.client.Worker] ERROR c.a.n.c.c.i.ClientWorker - [executeConfigListen,878] - Async listen config change error 
com.alibaba.nacos.api.exception.NacosException: java.util.concurrent.TimeoutException: Waited 3000 milliseconds (plus 1079 milliseconds, 264900 nanoseconds delay) for com.alibaba.nacos.shaded.io.grpc.stub.ClientCalls$GrpcFuture@45c9d9c5[status=PENDING, info=[GrpcFuture{clientCall={delegate={delegate=ClientCallImpl{method=MethodDescriptor{fullMethodName=Request/request, type=UNARY, idempotent=false, safe=false, sampledToLocalTracing=true, requestMarshaller=com.alibaba.nacos.shaded.io.grpc.protobuf.lite.ProtoLiteUtils$MessageMarshaller@1ceaf68a, responseMarshaller=com.alibaba.nacos.shaded.io.grpc.protobuf.lite.ProtoLiteUtils$MessageMarshaller@70cab3a0, schemaDescriptor=com.alibaba.nacos.api.grpc.auto.RequestGrpc$RequestMethodDescriptorSupplier@4fcb3e7b}}}}}]]
	at com.alibaba.nacos.common.remote.client.grpc.GrpcConnection.request(GrpcConnection.java:78)
	at com.alibaba.nacos.common.remote.client.RpcClient.request(RpcClient.java:657)
	at com.alibaba.nacos.client.config.impl.ClientWorker$ConfigRpcTransportClient.requestProxy(ClientWorker.java:1067)
	at com.alibaba.nacos.client.config.impl.ClientWorker$ConfigRpcTransportClient.requestProxy(ClientWorker.java:1042)
	at com.alibaba.nacos.client.config.impl.ClientWorker$ConfigRpcTransportClient.executeConfigListen(ClientWorker.java:831)
	at com.alibaba.nacos.client.config.impl.ClientWorker$ConfigRpcTransportClient$4.run(ClientWorker.java:748)
	at java.util.concurrent.Executors$RunnableAdapter.call(Executors.java:511)
	at java.util.concurrent.FutureTask.run$$$capture(FutureTask.java:266)
	at java.util.concurrent.FutureTask.run(FutureTask.java)
	at java.util.concurrent.ScheduledThreadPoolExecutor$ScheduledFutureTask.access$201(ScheduledThreadPoolExecutor.java:180)
	at java.util.concurrent.ScheduledThreadPoolExecutor$ScheduledFutureTask.run(ScheduledThreadPoolExecutor.java:293)
	at java.util.concurrent.ThreadPoolExecutor.runWorker(ThreadPoolExecutor.java:1149)
	at java.util.concurrent.ThreadPoolExecutor$Worker.run(ThreadPoolExecutor.java:624)
	at java.lang.Thread.run(Thread.java:748)
Caused by: java.util.concurrent.TimeoutException: Waited 3000 milliseconds (plus 1079 milliseconds, 264900 nanoseconds delay) for com.alibaba.nacos.shaded.io.grpc.stub.ClientCalls$GrpcFuture@45c9d9c5[status=PENDING, info=[GrpcFuture{clientCall={delegate={delegate=ClientCallImpl{method=MethodDescriptor{fullMethodName=Request/request, type=UNARY, idempotent=false, safe=false, sampledToLocalTracing=true, requestMarshaller=com.alibaba.nacos.shaded.io.grpc.protobuf.lite.ProtoLiteUtils$MessageMarshaller@1ceaf68a, responseMarshaller=com.alibaba.nacos.shaded.io.grpc.protobuf.lite.ProtoLiteUtils$MessageMarshaller@70cab3a0, schemaDescriptor=com.alibaba.nacos.api.grpc.auto.RequestGrpc$RequestMethodDescriptorSupplier@4fcb3e7b}}}}}]]
	at com.alibaba.nacos.shaded.com.google.common.util.concurrent.AbstractFuture.get(AbstractFuture.java:508)
	at com.alibaba.nacos.common.remote.client.grpc.GrpcConnection.request(GrpcConnection.java:76)
	... 13 common frames omitted
19:13:47.386 [reactor-http-nio-3] ERROR c.x.g.h.GatewayExceptionHandler - [handle,52] - [网关异常处理]请求路径:/token/login,异常信息:[B cannot be cast to java.lang.String
19:13:52.546 [reactor-http-nio-3] ERROR c.x.g.h.GatewayExceptionHandler - [handle,52] - [网关异常处理]请求路径:/token/login,异常信息:[B cannot be cast to java.lang.String
19:15:14.242 [reactor-http-nio-3] ERROR c.x.g.f.AuthFilter - [unauthorizedResponse,110] - [鉴权异常处理]请求路径:/token/login
19:59:19.665 [reactor-http-nio-3] ERROR c.x.g.h.GatewayExceptionHandler - [handle,52] - [网关异常处理]请求路径:/token/login,异常信息:null
20:00:13.840 [reactor-http-nio-3] ERROR c.x.g.h.GatewayExceptionHandler - [handle,52] - [网关异常处理]请求路径:/token/login,异常信息:null
20:00:18.299 [reactor-http-nio-3] ERROR c.x.g.h.GatewayExceptionHandler - [handle,52] - [网关异常处理]请求路径:/token/login,异常信息:null
20:00:58.811 [com.alibaba.nacos.client.naming.updater.1] ERROR c.a.n.c.r.client - [printIfErrorEnabled,99] - Send request fail, request=ServiceQueryRequest{headers={}, requestId='null'}, retryTimes=0,errorMessage=java.util.concurrent.TimeoutException: Waited 3000 milliseconds (plus 4300 milliseconds, 225100 nanoseconds delay) but future completed as timeout expired
20:00:58.813 [reactor-http-nio-3] ERROR c.x.g.h.GatewayExceptionHandler - [handle,52] - [网关异常处理]请求路径:/token/login,异常信息:null
