15:13:51.794 [background-preinit] INFO  o.h.v.i.util.Version - [<clinit>,21] - HV000001: Hibernate Validator 6.2.0.Final
15:13:54.325 [main] INFO  c.a.n.c.c.i.LocalConfigInfoProcessor - [<clinit>,67] - LOCAL_SNAPSHOT_PATH:C:\Users\Administrator\nacos\config
15:13:54.345 [main] INFO  c.a.n.c.r.client - [lambda$createClient$0,77] - [RpcClientFactory] create a new rpc client of c01f0871-91ee-49cf-881f-443c9d112293_config-0
15:13:54.438 [main] INFO  o.r.Reflections - [scan,232] - Reflections took 41 ms to scan 1 urls, producing 3 keys and 6 values 
15:13:54.475 [main] INFO  o.r.Reflections - [scan,232] - Reflections took 13 ms to scan 1 urls, producing 4 keys and 9 values 
15:13:54.488 [main] INFO  o.r.Reflections - [scan,232] - Reflections took 10 ms to scan 1 urls, producing 3 keys and 10 values 
15:13:54.800 [main] INFO  o.r.Reflections - [scan,232] - Reflections took 309 ms to scan 271 urls, producing 0 keys and 0 values 
15:13:54.819 [main] INFO  o.r.Reflections - [scan,232] - Reflections took 18 ms to scan 1 urls, producing 1 keys and 5 values 
15:13:54.831 [main] INFO  o.r.Reflections - [scan,232] - Reflections took 10 ms to scan 1 urls, producing 1 keys and 7 values 
15:13:54.844 [main] INFO  o.r.Reflections - [scan,232] - Reflections took 9 ms to scan 1 urls, producing 2 keys and 8 values 
15:13:55.085 [main] INFO  o.r.Reflections - [scan,232] - Reflections took 239 ms to scan 271 urls, producing 0 keys and 0 values 
15:13:55.092 [main] INFO  c.a.n.c.r.client - [printIfInfoEnabled,60] - [c01f0871-91ee-49cf-881f-443c9d112293_config-0]RpcClient init label, labels={module=config, Vipserver-Tag=null, source=sdk, Amory-Tag=null, Location-Tag=null, taskId=0, AppName=unknown}
15:13:55.093 [main] INFO  c.a.n.c.r.client - [printIfInfoEnabled,60] - [c01f0871-91ee-49cf-881f-443c9d112293_config-0]Register server push request handler:com.alibaba.nacos.client.config.impl.ClientWorker$ConfigRpcTransportClient$$Lambda$333/939625314
15:13:55.093 [main] INFO  c.a.n.c.r.client - [printIfInfoEnabled,60] - [c01f0871-91ee-49cf-881f-443c9d112293_config-0]Register server push request handler:com.alibaba.nacos.client.config.impl.ClientWorker$ConfigRpcTransportClient$$Lambda$334/216644009
15:13:55.094 [main] INFO  c.a.n.c.r.client - [printIfInfoEnabled,60] - [c01f0871-91ee-49cf-881f-443c9d112293_config-0]Registry connection listener to current client:com.alibaba.nacos.client.config.impl.ClientWorker$ConfigRpcTransportClient$1
15:13:55.094 [main] INFO  c.a.n.c.r.client - [printIfInfoEnabled,60] - [c01f0871-91ee-49cf-881f-443c9d112293_config-0]RpcClient init, ServerListFactory =com.alibaba.nacos.client.config.impl.ClientWorker$ConfigRpcTransportClient$2
15:13:55.101 [main] INFO  c.a.n.c.r.client - [printIfInfoEnabled,60] - [c01f0871-91ee-49cf-881f-443c9d112293_config-0] Try to connect to server on start up, server: {serverIp='127.0.0.1', server main port=8848}
15:13:58.441 [main] INFO  c.a.n.c.r.client - [printIfInfoEnabled,60] - [c01f0871-91ee-49cf-881f-443c9d112293_config-0] Try to connect to server on start up, server: {serverIp='127.0.0.1', server main port=8848}
15:14:00.460 [main] INFO  c.a.n.c.r.client - [printIfInfoEnabled,60] - [c01f0871-91ee-49cf-881f-443c9d112293_config-0] Try to connect to server on start up, server: {serverIp='127.0.0.1', server main port=8848}
15:14:02.476 [com.alibaba.nacos.client.remote.worker] INFO  c.a.n.c.r.client - [printIfInfoEnabled,60] - [c01f0871-91ee-49cf-881f-443c9d112293_config-0] try to re connect to a new server ,server is  not appointed,will choose a random server.
15:14:02.476 [main] INFO  c.a.n.c.r.client - [printIfInfoEnabled,60] - [c01f0871-91ee-49cf-881f-443c9d112293_config-0]Register server push request handler:com.alibaba.nacos.common.remote.client.RpcClient$ConnectResetRequestHandler
15:14:02.477 [main] INFO  c.a.n.c.r.client - [printIfInfoEnabled,60] - [c01f0871-91ee-49cf-881f-443c9d112293_config-0]Register server push request handler:com.alibaba.nacos.common.remote.client.RpcClient$4
15:14:02.595 [main] INFO  c.a.n.c.c.i.Limiter - [<clinit>,56] - limitTime:5.0
